0 info it worked if it ends with ok
1 verbose cli [ '/Users/appledev045/.nvm/versions/node/v4.2.4/bin/node',
1 verbose cli   '/Users/appledev045/.nvm/versions/node/v4.2.4/bin/npm',
1 verbose cli   'run',
1 verbose cli   'dev' ]
2 info using npm@3.5.3
3 info using node@v4.2.4
4 verbose config Skipping project config: /Users/appledev045/.npmrc. (matches userconfig)
5 verbose stack Error: ENOENT: no such file or directory, open '/Users/appledev045/package.json'
5 verbose stack     at Error (native)
6 verbose cwd /Users/appledev045/pwc_projects/vue-boilerplate-project-backend
7 error Darwin 14.5.0
8 error argv "/Users/appledev045/.nvm/versions/node/v4.2.4/bin/node" "/Users/appledev045/.nvm/versions/node/v4.2.4/bin/npm" "run" "dev"
9 error node v4.2.4
10 error npm  v3.5.3
11 error path /Users/appledev045/package.json
12 error code ENOENT
13 error errno -2
14 error syscall open
15 error enoent ENOENT: no such file or directory, open '/Users/appledev045/package.json'
16 error enoent ENOENT: no such file or directory, open '/Users/appledev045/package.json'
16 error enoent This is most likely not a problem with npm itself
16 error enoent and is related to npm not being able to find a file.
17 verbose exit [ -2, true ]
